<?xml version="1.0" encoding="UTF-8"?>
<testsuite name="HWTestRegistration" tests="1" skipped="0" failures="0" errors="0" timestamp="2022-06-18T10:48:17" hostname="DESKTOP-K3383S5" time="8.037">
  <properties/>
  <testcase name="firstRegistrationSuccess" classname="HWTestRegistration" time="8.037"/>
  <system-out><![CDATA[]]></system-out>
  <system-err><![CDATA[Starting ChromeDriver 102.0.5005.61 (0e59bcc00cc4985ce39ad31c150065f159d95ad3-refs/branch-heads/5005@{#819}) on port 52923
Only local connections are allowed.
Please see https://chromedriver.chromium.org/security-considerations for suggestions on keeping ChromeDriver safe.
ChromeDriver was started successfully.
Jun 18, 2022 1:48:23 PM org.openqa.selenium.remote.ProtocolHandshake createSession
INFO: Detected upstream dialect: W3C
Jun 18, 2022 1:48:23 PM org.openqa.selenium.devtools.CdpVersionFinder findNearestMatch
INFO: Found exact CDP implementation for version 102
]]></system-err>
</testsuite>
